0 info it worked if it ends with ok
1 verbose cli [ 'node', '/usr/local/bin/npm', 'install' ]
2 info using npm@1.4.28
3 info using node@v0.10.33
4 warn package.json node-todo@0.0.0 No repository field.
5 warn package.json node-todo@0.0.0 No README data
6 verbose readDependencies using package.json deps
7 verbose install where, deps [ '/Users/AlexWines/wdi/projects/MEAN-todo',
7 verbose install   [ 'express',
7 verbose install     'mongoose',
7 verbose install     'morgan',
7 verbose install     'body-parser',
7 verbose install     'method-override' ] ]
8 info preinstall node-todo@0.0.0
9 verbose readDependencies using package.json deps
10 verbose cache add [ 'express@~4.7.2', null ]
11 verbose cache add name=undefined spec="express@~4.7.2" args=["express@~4.7.2",null]
12 verbose parsed url { protocol: null,
12 verbose parsed url   slashes: null,
12 verbose parsed url   auth: null,
12 verbose parsed url   host: null,
12 verbose parsed url   port: null,
12 verbose parsed url   hostname: null,
12 verbose parsed url   hash: null,
12 verbose parsed url   search: null,
12 verbose parsed url   query: null,
12 verbose parsed url   pathname: 'express@~4.7.2',
12 verbose parsed url   path: 'express@~4.7.2',
12 verbose parsed url   href: 'express@~4.7.2' }
13 verbose cache add [ 'mongoose@~3.6.2', null ]
14 verbose cache add name=undefined spec="mongoose@~3.6.2" args=["mongoose@~3.6.2",null]
15 verbose parsed url { protocol: null,
15 verbose parsed url   slashes: null,
15 verbose parsed url   auth: null,
15 verbose parsed url   host: null,
15 verbose parsed url   port: null,
15 verbose parsed url   hostname: null,
15 verbose parsed url   hash: null,
15 verbose parsed url   search: null,
15 verbose parsed url   query: null,
15 verbose parsed url   pathname: 'mongoose@~3.6.2',
15 verbose parsed url   path: 'mongoose@~3.6.2',
15 verbose parsed url   href: 'mongoose@~3.6.2' }
16 verbose cache add [ 'morgan@~1.2.2', null ]
17 verbose cache add name=undefined spec="morgan@~1.2.2" args=["morgan@~1.2.2",null]
18 verbose parsed url { protocol: null,
18 verbose parsed url   slashes: null,
18 verbose parsed url   auth: null,
18 verbose parsed url   host: null,
18 verbose parsed url   port: null,
18 verbose parsed url   hostname: null,
18 verbose parsed url   hash: null,
18 verbose parsed url   search: null,
18 verbose parsed url   query: null,
18 verbose parsed url   pathname: 'morgan@~1.2.2',
18 verbose parsed url   path: 'morgan@~1.2.2',
18 verbose parsed url   href: 'morgan@~1.2.2' }
19 verbose cache add [ 'body-parser@~1.5.2', null ]
20 verbose cache add name=undefined spec="body-parser@~1.5.2" args=["body-parser@~1.5.2",null]
21 verbose parsed url { protocol: null,
21 verbose parsed url   slashes: null,
21 verbose parsed url   auth: null,
21 verbose parsed url   host: null,
21 verbose parsed url   port: null,
21 verbose parsed url   hostname: null,
21 verbose parsed url   hash: null,
21 verbose parsed url   search: null,
21 verbose parsed url   query: null,
21 verbose parsed url   pathname: 'body-parser@~1.5.2',
21 verbose parsed url   path: 'body-parser@~1.5.2',
21 verbose parsed url   href: 'body-parser@~1.5.2' }
22 verbose cache add name="express" spec="~4.7.2" args=["express","~4.7.2"]
23 verbose parsed url { protocol: null,
23 verbose parsed url   slashes: null,
23 verbose parsed url   auth: null,
23 verbose parsed url   host: null,
23 verbose parsed url   port: null,
23 verbose parsed url   hostname: null,
23 verbose parsed url   hash: null,
23 verbose parsed url   search: null,
23 verbose parsed url   query: null,
23 verbose parsed url   pathname: '~4.7.2',
23 verbose parsed url   path: '~4.7.2',
23 verbose parsed url   href: '~4.7.2' }
24 verbose addNamed [ 'express', '~4.7.2' ]
25 verbose addNamed [ null, '>=4.7.2-0 <4.8.0-0' ]
26 verbose cache add name="mongoose" spec="~3.6.2" args=["mongoose","~3.6.2"]
27 verbose parsed url { protocol: null,
27 verbose parsed url   slashes: null,
27 verbose parsed url   auth: null,
27 verbose parsed url   host: null,
27 verbose parsed url   port: null,
27 verbose parsed url   hostname: null,
27 verbose parsed url   hash: null,
27 verbose parsed url   search: null,
27 verbose parsed url   query: null,
27 verbose parsed url   pathname: '~3.6.2',
27 verbose parsed url   path: '~3.6.2',
27 verbose parsed url   href: '~3.6.2' }
28 verbose addNamed [ 'mongoose', '~3.6.2' ]
29 verbose addNamed [ null, '>=3.6.2-0 <3.7.0-0' ]
30 verbose cache add name="morgan" spec="~1.2.2" args=["morgan","~1.2.2"]
31 verbose parsed url { protocol: null,
31 verbose parsed url   slashes: null,
31 verbose parsed url   auth: null,
31 verbose parsed url   host: null,
31 verbose parsed url   port: null,
31 verbose parsed url   hostname: null,
31 verbose parsed url   hash: null,
31 verbose parsed url   search: null,
31 verbose parsed url   query: null,
31 verbose parsed url   pathname: '~1.2.2',
31 verbose parsed url   path: '~1.2.2',
31 verbose parsed url   href: '~1.2.2' }
32 verbose addNamed [ 'morgan', '~1.2.2' ]
33 verbose addNamed [ null, '>=1.2.2-0 <1.3.0-0' ]
34 verbose cache add [ 'method-override@~2.1.2', null ]
35 verbose cache add name=undefined spec="method-override@~2.1.2" args=["method-override@~2.1.2",null]
36 verbose parsed url { protocol: null,
36 verbose parsed url   slashes: null,
36 verbose parsed url   auth: null,
36 verbose parsed url   host: null,
36 verbose parsed url   port: null,
36 verbose parsed url   hostname: null,
36 verbose parsed url   hash: null,
36 verbose parsed url   search: null,
36 verbose parsed url   query: null,
36 verbose parsed url   pathname: 'method-override@~2.1.2',
36 verbose parsed url   path: 'method-override@~2.1.2',
36 verbose parsed url   href: 'method-override@~2.1.2' }
37 verbose cache add name="body-parser" spec="~1.5.2" args=["body-parser","~1.5.2"]
38 verbose parsed url { protocol: null,
38 verbose parsed url   slashes: null,
38 verbose parsed url   auth: null,
38 verbose parsed url   host: null,
38 verbose parsed url   port: null,
38 verbose parsed url   hostname: null,
38 verbose parsed url   hash: null,
38 verbose parsed url   search: null,
38 verbose parsed url   query: null,
38 verbose parsed url   pathname: '~1.5.2',
38 verbose parsed url   path: '~1.5.2',
38 verbose parsed url   href: '~1.5.2' }
39 verbose addNamed [ 'body-parser', '~1.5.2' ]
40 verbose addNamed [ null, '>=1.5.2-0 <1.6.0-0' ]
41 silly lockFile ef4e1f61-express-4-7-2 express@~4.7.2
42 verbose lock express@~4.7.2 /Users/AlexWines/.npm/ef4e1f61-express-4-7-2.lock
43 silly lockFile 96ad86c1-mongoose-3-6-2 mongoose@~3.6.2
44 verbose lock mongoose@~3.6.2 /Users/AlexWines/.npm/96ad86c1-mongoose-3-6-2.lock
45 silly lockFile 8a9f8c6a-morgan-1-2-2 morgan@~1.2.2
46 verbose lock morgan@~1.2.2 /Users/AlexWines/.npm/8a9f8c6a-morgan-1-2-2.lock
47 silly lockFile c3717280-body-parser-1-5-2 body-parser@~1.5.2
48 verbose lock body-parser@~1.5.2 /Users/AlexWines/.npm/c3717280-body-parser-1-5-2.lock
49 verbose cache add name="method-override" spec="~2.1.2" args=["method-override","~2.1.2"]
50 verbose parsed url { protocol: null,
50 verbose parsed url   slashes: null,
50 verbose parsed url   auth: null,
50 verbose parsed url   host: null,
50 verbose parsed url   port: null,
50 verbose parsed url   hostname: null,
50 verbose parsed url   hash: null,
50 verbose parsed url   search: null,
50 verbose parsed url   query: null,
50 verbose parsed url   pathname: '~2.1.2',
50 verbose parsed url   path: '~2.1.2',
50 verbose parsed url   href: '~2.1.2' }
51 verbose addNamed [ 'method-override', '~2.1.2' ]
52 verbose addNamed [ null, '>=2.1.2-0 <2.2.0-0' ]
53 silly lockFile fa7a4300-method-override-2-1-2 method-override@~2.1.2
54 verbose lock method-override@~2.1.2 /Users/AlexWines/.npm/fa7a4300-method-override-2-1-2.lock
55 silly addNameRange { name: 'express', range: '>=4.7.2-0 <4.8.0-0', hasData: false }
56 silly addNameRange { name: 'mongoose', range: '>=3.6.2-0 <3.7.0-0', hasData: false }
57 silly addNameRange { name: 'body-parser',
57 silly addNameRange   range: '>=1.5.2-0 <1.6.0-0',
57 silly addNameRange   hasData: false }
58 silly addNameRange { name: 'morgan', range: '>=1.2.2-0 <1.3.0-0', hasData: false }
59 silly addNameRange { name: 'method-override',
59 silly addNameRange   range: '>=2.1.2-0 <2.2.0-0',
59 silly addNameRange   hasData: false }
60 verbose request where is /mongoose
61 verbose request registry https://registry.npmjs.org/
62 verbose request id cbb521d219c68620
63 verbose url raw /mongoose
64 verbose url resolving [ 'https://registry.npmjs.org/', './mongoose' ]
65 verbose url resolved https://registry.npmjs.org/mongoose
66 verbose request where is https://registry.npmjs.org/mongoose
67 info trying registry request attempt 1 at 12:19:44
68 verbose etag "9YJE3YLHAY7ZR324HLBGJZ2TU"
69 http GET https://registry.npmjs.org/mongoose
70 verbose request where is /morgan
71 verbose request registry https://registry.npmjs.org/
72 verbose url raw /morgan
73 verbose url resolving [ 'https://registry.npmjs.org/', './morgan' ]
74 verbose url resolved https://registry.npmjs.org/morgan
75 verbose request where is https://registry.npmjs.org/morgan
76 info trying registry request attempt 1 at 12:19:44
77 verbose etag "1K9YEBUETVSA9LO1JSULWY06A"
78 http GET https://registry.npmjs.org/morgan
79 verbose request where is /body-parser
80 verbose request registry https://registry.npmjs.org/
81 verbose url raw /body-parser
82 verbose url resolving [ 'https://registry.npmjs.org/', './body-parser' ]
83 verbose url resolved https://registry.npmjs.org/body-parser
84 verbose request where is https://registry.npmjs.org/body-parser
85 info trying registry request attempt 1 at 12:19:44
86 verbose etag "CQT1ETO6E37NGMZHIBHF79O2X"
87 http GET https://registry.npmjs.org/body-parser
88 verbose request where is /method-override
89 verbose request registry https://registry.npmjs.org/
90 verbose url raw /method-override
91 verbose url resolving [ 'https://registry.npmjs.org/', './method-override' ]
92 verbose url resolved https://registry.npmjs.org/method-override
93 verbose request where is https://registry.npmjs.org/method-override
94 info trying registry request attempt 1 at 12:19:44
95 verbose etag "B1O26PSF8ON6OQO4Q2N5GB4T2"
96 http GET https://registry.npmjs.org/method-override
97 verbose request where is /express
98 verbose request registry https://registry.npmjs.org/
99 verbose url raw /express
100 verbose url resolving [ 'https://registry.npmjs.org/', './express' ]
101 verbose url resolved https://registry.npmjs.org/express
102 verbose request where is https://registry.npmjs.org/express
103 info trying registry request attempt 1 at 12:19:44
104 verbose etag "D07QP8BY0EHESQNC82ILRLXUB"
105 http GET https://registry.npmjs.org/express
106 http 304 https://registry.npmjs.org/method-override
107 silly registry.get cb [ 304,
107 silly registry.get   { date: 'Sat, 07 Feb 2015 20:19:44 GMT',
107 silly registry.get     server: 'Apache',
107 silly registry.get     via: '1.1 varnish',
107 silly registry.get     'last-modified': 'Sat, 07 Feb 2015 20:19:44 GMT',
107 silly registry.get     'cache-control': 'max-age=60',
107 silly registry.get     etag: '"B1O26PSF8ON6OQO4Q2N5GB4T2"',
107 silly registry.get     age: '0',
107 silly registry.get     'x-served-by': 'cache-sjc3130-SJC',
107 silly registry.get     'x-cache': 'HIT',
107 silly registry.get     'x-cache-hits': '1',
107 silly registry.get     'x-timer': 'S1423340384.703895,VS0,VE33',
107 silly registry.get     vary: 'Accept',
107 silly registry.get     'content-length': '0',
107 silly registry.get     'keep-alive': 'timeout=10, max=50',
107 silly registry.get     connection: 'Keep-Alive' } ]
108 verbose etag https://registry.npmjs.org/method-override from cache
109 http 304 https://registry.npmjs.org/express
110 silly registry.get cb [ 304,
110 silly registry.get   { date: 'Sat, 07 Feb 2015 20:19:44 GMT',
110 silly registry.get     server: 'Apache',
110 silly registry.get     via: '1.1 varnish',
110 silly registry.get     'last-modified': 'Sat, 07 Feb 2015 20:19:44 GMT',
110 silly registry.get     'cache-control': 'max-age=60',
110 silly registry.get     etag: '"D07QP8BY0EHESQNC82ILRLXUB"',
110 silly registry.get     age: '24',
110 silly registry.get     'x-served-by': 'cache-sjc3135-SJC',
110 silly registry.get     'x-cache': 'HIT',
110 silly registry.get     'x-cache-hits': '1',
110 silly registry.get     'x-timer': 'S1423340384.735997,VS0,VE2',
110 silly registry.get     vary: 'Accept',
110 silly registry.get     'content-length': '0',
110 silly registry.get     'keep-alive': 'timeout=10, max=50',
110 silly registry.get     connection: 'Keep-Alive' } ]
111 verbose etag https://registry.npmjs.org/express from cache
112 silly addNameRange number 2 { name: 'express', range: '>=4.7.2-0 <4.8.0-0', hasData: true }
113 silly addNameRange versions [ 'express',
113 silly addNameRange   [ '0.14.0',
113 silly addNameRange     '0.14.1',
113 silly addNameRange     '1.0.0',
113 silly addNameRange     '1.0.1',
113 silly addNameRange     '1.0.2',
113 silly addNameRange     '1.0.3',
113 silly addNameRange     '1.0.4',
113 silly addNameRange     '1.0.5',
113 silly addNameRange     '1.0.6',
113 silly addNameRange     '1.0.7',
113 silly addNameRange     '1.0.8',
113 silly addNameRange     '2.0.0',
113 silly addNameRange     '2.1.0',
113 silly addNameRange     '2.1.1',
113 silly addNameRange     '2.2.0',
113 silly addNameRange     '2.2.1',
113 silly addNameRange     '2.2.2',
113 silly addNameRange     '2.3.0',
113 silly addNameRange     '2.3.1',
113 silly addNameRange     '2.3.2',
113 silly addNameRange     '2.3.3',
113 silly addNameRange     '2.3.4',
113 silly addNameRange     '2.3.5',
113 silly addNameRange     '2.3.6',
113 silly addNameRange     '2.3.7',
113 silly addNameRange     '2.3.8',
113 silly addNameRange     '2.3.9',
113 silly addNameRange     '2.3.10',
113 silly addNameRange     '2.3.11',
113 silly addNameRange     '2.3.12',
113 silly addNameRange     '2.4.0',
113 silly addNameRange     '2.4.1',
113 silly addNameRange     '2.4.2',
113 silly addNameRange     '2.4.3',
113 silly addNameRange     '2.4.4',
113 silly addNameRange     '2.4.5',
113 silly addNameRange     '2.4.6',
113 silly addNameRange     '2.4.7',
113 silly addNameRange     '2.5.0',
113 silly addNameRange     '2.5.1',
113 silly addNameRange     '2.5.2',
113 silly addNameRange     '2.5.3',
113 silly addNameRange     '2.5.4',
113 silly addNameRange     '2.5.5',
113 silly addNameRange     '2.5.6',
113 silly addNameRange     '2.5.7',
113 silly addNameRange     '2.5.8',
113 silly addNameRange     '2.5.9',
113 silly addNameRange     '2.5.10',
113 silly addNameRange     '2.5.11',
113 silly addNameRange     '3.0.0',
113 silly addNameRange     '3.0.1',
113 silly addNameRange     '3.0.2',
113 silly addNameRange     '3.0.3',
113 silly addNameRange     '3.0.4',
113 silly addNameRange     '3.0.5',
113 silly addNameRange     '3.0.6',
113 silly addNameRange     '3.1.0',
113 silly addNameRange     '3.1.1',
113 silly addNameRange     '3.1.2',
113 silly addNameRange     '3.2.0',
113 silly addNameRange     '3.2.1',
113 silly addNameRange     '3.2.2',
113 silly addNameRange     '3.2.3',
113 silly addNameRange     '3.2.4',
113 silly addNameRange     '3.2.5',
113 silly addNameRange     '3.2.6',
113 silly addNameRange     '3.3.0',
113 silly addNameRange     '3.3.1',
113 silly addNameRange     '3.3.2',
113 silly addNameRange     '3.3.3',
113 silly addNameRange     '3.3.4',
113 silly addNameRange     '3.3.5',
113 silly addNameRange     '3.3.6',
113 silly addNameRange     '1.0.0-beta',
113 silly addNameRange     '1.0.0-beta2',
113 silly addNameRange     '1.0.0-rc',
113 silly addNameRange     '1.0.0-rc2',
113 silly addNameRange     '1.0.0-rc3',
113 silly addNameRange     '1.0.0-rc4',
113 silly addNameRange     '2.0.0-beta',
113 silly addNameRange     '2.0.0-beta2',
113 silly addNameRange     '2.0.0-beta3',
113 silly addNameRange     '2.0.0-rc',
113 silly addNameRange     '2.0.0-rc2',
113 silly addNameRange     '2.0.0-rc3',
113 silly addNameRange     '3.0.0-alpha1',
113 silly addNameRange     '3.0.0-alpha2',
113 silly addNameRange     '3.0.0-alpha3',
113 silly addNameRange     '3.0.0-alpha4',
113 silly addNameRange     '3.0.0-alpha5',
113 silly addNameRange     '3.0.0-beta1',
113 silly addNameRange     '3.0.0-beta2',
113 silly addNameRange     '3.0.0-beta3',
113 silly addNameRange     '3.0.0-beta4',
113 silly addNameRange     '3.0.0-beta6',
113 silly addNameRange     '3.0.0-beta7',
113 silly addNameRange     '3.0.0-rc1',
113 silly addNameRange     '3.0.0-rc2',
113 silly addNameRange     '3.0.0-rc3',
113 silly addNameRange     '3.0.0-rc4',
113 silly addNameRange     '3.0.0-rc5',
113 silly addNameRange     '3.3.7',
113 silly addNameRange     '3.3.8',
113 silly addNameRange     '3.4.0',
113 silly addNameRange     '3.4.1',
113 silly addNameRange     '3.4.2',
113 silly addNameRange     '3.4.3',
113 silly addNameRange     '3.4.4',
113 silly addNameRange     '3.4.5',
113 silly addNameRange     '3.4.6',
113 silly addNameRange     '3.4.7',
113 silly addNameRange     '3.4.8',
113 silly addNameRange     '4.0.0-rc1',
113 silly addNameRange     '4.0.0-rc2',
113 silly addNameRange     '3.5.0',
113 silly addNameRange     '4.0.0-rc3',
113 silly addNameRange     '4.0.0-rc4',
113 silly addNameRange     '3.5.1',
113 silly addNameRange     '4.0.0',
113 silly addNameRange     '3.5.2',
113 silly addNameRange     '4.1.0',
113 silly addNameRange     '4.1.1',
113 silly addNameRange     '3.5.3',
113 silly addNameRange     '4.1.2',
113 silly addNameRange     '3.6.0',
113 silly addNameRange     '4.2.0',
113 silly addNameRange     '3.7.0',
113 silly addNameRange     '3.8.0',
113 silly addNameRange     '4.3.0',
113 silly addNameRange     '4.3.1',
113 silly addNameRange     '3.8.1',
113 silly addNameRange     '4.3.2',
113 silly addNameRange     '3.9.0',
113 silly addNameRange     '4.4.0',
113 silly addNameRange     '4.4.1',
113 silly addNameRange     '3.10.0',
113 silly addNameRange     '3.10.1',
113 silly addNameRange     '3.10.2',
113 silly addNameRange     '3.10.3',
113 silly addNameRange     '3.10.4',
113 silly addNameRange     '4.4.2',
113 silly addNameRange     '3.10.5',
113 silly addNameRange     '4.4.3',
113 silly addNameRange     '3.11.0',
113 silly addNameRange     '4.4.4',
113 silly addNameRange     '3.12.0',
113 silly addNameRange     '3.12.1',
113 silly addNameRange     '4.4.5',
113 silly addNameRange     '3.13.0',
113 silly addNameRange     '4.5.0',
113 silly addNameRange     '4.5.1',
113 silly addNameRange     '3.14.0',
113 silly addNameRange     '4.6.0',
113 silly addNameRange     '4.6.1',
113 silly addNameRange     '3.15.0',
113 silly addNameRange     '4.7.0',
113 silly addNameRange     '3.15.1',
113 silly addNameRange     '4.7.1',
113 silly addNameRange     '3.15.2',
113 silly addNameRange     '4.7.2',
113 silly addNameRange     '4.7.3',
113 silly addNameRange     '3.15.3',
113 silly addNameRange     '4.7.4',
113 silly addNameRange     '3.16.0',
113 silly addNameRange     '4.8.0',
113 silly addNameRange     '3.16.1',
113 silly addNameRange     '4.8.1',
113 silly addNameRange     '3.16.2',
113 silly addNameRange     '4.8.2',
113 silly addNameRange     '3.16.3',
113 silly addNameRange     '3.16.4',
113 silly addNameRange     '4.8.3',
113 silly addNameRange     '3.16.5',
113 silly addNameRange     '3.16.6',
113 silly addNameRange     '4.8.4',
113 silly addNameRange     '3.16.7',
113 silly addNameRange     '4.8.5',
113 silly addNameRange     '3.16.8',
113 silly addNameRange     '4.8.6',
113 silly addNameRange     '3.16.9',
113 silly addNameRange     '4.8.7',
113 silly addNameRange     '3.16.10',
113 silly addNameRange     '4.8.8',
113 silly addNameRange     '3.17.0',
113 silly addNameRange     '3.17.1',
113 silly addNameRange     '4.9.0',
113 silly addNameRange     '3.17.2',
113 silly addNameRange     '4.9.1',
113 silly addNameRange     '4.9.2',
113 silly addNameRange     '3.17.3',
113 silly addNameRange     '4.9.3',
113 silly addNameRange     '3.17.4',
113 silly addNameRange     '4.9.4',
113 silly addNameRange     '3.17.5',
113 silly addNameRange     '4.9.5',
113 silly addNameRange     '3.17.6',
113 silly addNameRange     '3.17.7',
113 silly addNameRange     '4.9.6',
113 silly addNameRange     '4.9.7',
113 silly addNameRange     '3.17.8',
113 silly addNameRange     '4.9.8',
113 silly addNameRange     '3.18.0',
113 silly addNameRange     '3.18.1',
113 silly addNameRange     '4.10.0',
113 silly addNameRange     '3.18.2',
113 silly addNameRange     '4.10.1',
113 silly addNameRange     '5.0.0-alpha.1',
113 silly addNameRange     '3.18.3',
113 silly addNameRange     '4.10.2',
113 silly addNameRange     '3.18.4',
113 silly addNameRange     '4.10.3',
113 silly addNameRange     '4.10.4',
113 silly addNameRange     '4.10.5',
113 silly addNameRange     '3.18.5',
113 silly addNameRange     '3.18.6',
113 silly addNameRange     '4.10.6',
113 silly addNameRange     '4.10.7',
113 silly addNameRange     '3.19.0',
113 silly addNameRange     '4.10.8',
113 silly addNameRange     '4.11.0',
113 silly addNameRange     '3.19.1',
113 silly addNameRange     '4.11.1',
113 silly addNameRange     '3.19.2',
113 silly addNameRange     '4.11.2' ] ]
114 verbose addNamed [ 'express', '4.7.4' ]
115 verbose addNamed [ '4.7.4', '4.7.4' ]
116 silly lockFile 70e7f37f-express-4-7-4 express@4.7.4
117 verbose lock express@4.7.4 /Users/AlexWines/.npm/70e7f37f-express-4-7-4.lock
118 silly addNameRange number 2 { name: 'method-override',
118 silly addNameRange   range: '>=2.1.2-0 <2.2.0-0',
118 silly addNameRange   hasData: true }
119 silly addNameRange versions [ 'method-override',
119 silly addNameRange   [ '1.0.0',
119 silly addNameRange     '1.0.1',
119 silly addNameRange     '1.0.2',
119 silly addNameRange     '2.0.0',
119 silly addNameRange     '2.0.1',
119 silly addNameRange     '2.0.2',
119 silly addNameRange     '2.1.0',
119 silly addNameRange     '2.1.1',
119 silly addNameRange     '2.1.2',
119 silly addNameRange     '2.1.3',
119 silly addNameRange     '2.2.0',
119 silly addNameRange     '2.3.0',
119 silly addNameRange     '2.3.1' ] ]
120 verbose addNamed [ 'method-override', '2.1.3' ]
121 verbose addNamed [ '2.1.3', '2.1.3' ]
122 silly lockFile b4e26855-method-override-2-1-3 method-override@2.1.3
123 verbose lock method-override@2.1.3 /Users/AlexWines/.npm/b4e26855-method-override-2-1-3.lock
124 http 304 https://registry.npmjs.org/body-parser
125 silly registry.get cb [ 304,
125 silly registry.get   { date: 'Sat, 07 Feb 2015 20:19:44 GMT',
125 silly registry.get     server: 'Apache',
125 silly registry.get     via: '1.1 varnish',
125 silly registry.get     'last-modified': 'Sat, 07 Feb 2015 20:19:44 GMT',
125 silly registry.get     'cache-control': 'max-age=60',
125 silly registry.get     etag: '"CQT1ETO6E37NGMZHIBHF79O2X"',
125 silly registry.get     age: '0',
125 silly registry.get     'x-served-by': 'cache-sjc3129-SJC',
125 silly registry.get     'x-cache': 'HIT',
125 silly registry.get     'x-cache-hits': '1',
125 silly registry.get     'x-timer': 'S1423340384.697452,VS0,VE116',
125 silly registry.get     vary: 'Accept',
125 silly registry.get     'content-length': '0',
125 silly registry.get     'keep-alive': 'timeout=10, max=50',
125 silly registry.get     connection: 'Keep-Alive' } ]
126 verbose etag https://registry.npmjs.org/body-parser from cache
127 silly addNameRange number 2 { name: 'body-parser',
127 silly addNameRange   range: '>=1.5.2-0 <1.6.0-0',
127 silly addNameRange   hasData: true }
128 silly addNameRange versions [ 'body-parser',
128 silly addNameRange   [ '1.0.0',
128 silly addNameRange     '1.0.1',
128 silly addNameRange     '1.0.2',
128 silly addNameRange     '1.1.0',
128 silly addNameRange     '1.1.1',
128 silly addNameRange     '1.1.2',
128 silly addNameRange     '1.2.0',
128 silly addNameRange     '1.2.1',
128 silly addNameRange     '1.2.2',
128 silly addNameRange     '1.3.0',
128 silly addNameRange     '1.3.1',
128 silly addNameRange     '1.4.0',
128 silly addNameRange     '1.4.1',
128 silly addNameRange     '1.4.2',
128 silly addNameRange     '1.4.3',
128 silly addNameRange     '1.5.0',
128 silly addNameRange     '1.5.1',
128 silly addNameRange     '1.5.2',
128 silly addNameRange     '1.6.0',
128 silly addNameRange     '1.6.1',
128 silly addNameRange     '1.6.2',
128 silly addNameRange     '1.6.3',
128 silly addNameRange     '1.6.4',
128 silly addNameRange     '1.6.5',
128 silly addNameRange     '1.6.6',
128 silly addNameRange     '1.6.7',
128 silly addNameRange     '1.7.0',
128 silly addNameRange     '1.8.0',
128 silly addNameRange     '1.8.1',
128 silly addNameRange     '1.8.2',
128 silly addNameRange     '1.8.3',
128 silly addNameRange     '1.8.4',
128 silly addNameRange     '1.9.0',
128 silly addNameRange     '1.9.1',
128 silly addNameRange     '1.9.2',
128 silly addNameRange     '1.9.3',
128 silly addNameRange     '1.10.0',
128 silly addNameRange     '1.10.1',
128 silly addNameRange     '1.10.2',
128 silly addNameRange     '1.11.0' ] ]
129 verbose addNamed [ 'body-parser', '1.5.2' ]
130 verbose addNamed [ '1.5.2', '1.5.2' ]
131 silly lockFile 5f60d091-body-parser-1-5-2 body-parser@1.5.2
132 verbose lock body-parser@1.5.2 /Users/AlexWines/.npm/5f60d091-body-parser-1-5-2.lock
133 silly lockFile 70e7f37f-express-4-7-4 express@4.7.4
134 silly lockFile 70e7f37f-express-4-7-4 express@4.7.4
135 silly lockFile b4e26855-method-override-2-1-3 method-override@2.1.3
136 silly lockFile b4e26855-method-override-2-1-3 method-override@2.1.3
137 silly lockFile 5f60d091-body-parser-1-5-2 body-parser@1.5.2
138 silly lockFile 5f60d091-body-parser-1-5-2 body-parser@1.5.2
139 silly lockFile ef4e1f61-express-4-7-2 express@~4.7.2
140 silly lockFile ef4e1f61-express-4-7-2 express@~4.7.2
141 silly lockFile fa7a4300-method-override-2-1-2 method-override@~2.1.2
142 silly lockFile fa7a4300-method-override-2-1-2 method-override@~2.1.2
143 silly lockFile c3717280-body-parser-1-5-2 body-parser@~1.5.2
144 silly lockFile c3717280-body-parser-1-5-2 body-parser@~1.5.2
145 http 304 https://registry.npmjs.org/mongoose
146 silly registry.get cb [ 304,
146 silly registry.get   { date: 'Sat, 07 Feb 2015 20:19:44 GMT',
146 silly registry.get     server: 'Apache',
146 silly registry.get     via: '1.1 varnish',
146 silly registry.get     'last-modified': 'Sat, 07 Feb 2015 20:19:45 GMT',
146 silly registry.get     'cache-control': 'max-age=60',
146 silly registry.get     etag: '"9YJE3YLHAY7ZR324HLBGJZ2TU"',
146 silly registry.get     age: '0',
146 silly registry.get     'x-served-by': 'cache-sjc3128-SJC',
146 silly registry.get     'x-cache': 'HIT',
146 silly registry.get     'x-cache-hits': '1',
146 silly registry.get     'x-timer': 'S1423340384.678644,VS0,VE350',
146 silly registry.get     vary: 'Accept',
146 silly registry.get     'content-length': '0',
146 silly registry.get     'keep-alive': 'timeout=10, max=50',
146 silly registry.get     connection: 'Keep-Alive' } ]
147 verbose etag https://registry.npmjs.org/mongoose from cache
148 silly addNameRange number 2 { name: 'mongoose', range: '>=3.6.2-0 <3.7.0-0', hasData: true }
149 silly addNameRange versions [ 'mongoose',
149 silly addNameRange   [ '0.0.1',
149 silly addNameRange     '0.0.2',
149 silly addNameRange     '0.0.3',
149 silly addNameRange     '0.0.4',
149 silly addNameRange     '0.0.5',
149 silly addNameRange     '1.0.0',
149 silly addNameRange     '1.0.1',
149 silly addNameRange     '1.0.2',
149 silly addNameRange     '0.0.6',
149 silly addNameRange     '1.0.3',
149 silly addNameRange     '1.0.4',
149 silly addNameRange     '1.0.5',
149 silly addNameRange     '1.0.6',
149 silly addNameRange     '1.0.7',
149 silly addNameRange     '1.0.8',
149 silly addNameRange     '1.0.10',
149 silly addNameRange     '1.0.11',
149 silly addNameRange     '1.0.12',
149 silly addNameRange     '1.0.13',
149 silly addNameRange     '1.0.14',
149 silly addNameRange     '1.0.15',
149 silly addNameRange     '1.0.16',
149 silly addNameRange     '1.1.0',
149 silly addNameRange     '1.1.1',
149 silly addNameRange     '1.1.2',
149 silly addNameRange     '1.1.3',
149 silly addNameRange     '1.1.4',
149 silly addNameRange     '1.1.5',
149 silly addNameRange     '1.1.6',
149 silly addNameRange     '1.1.7',
149 silly addNameRange     '1.1.8',
149 silly addNameRange     '1.1.9',
149 silly addNameRange     '1.1.10',
149 silly addNameRange     '1.1.11',
149 silly addNameRange     '1.1.12',
149 silly addNameRange     '1.1.13',
149 silly addNameRange     '1.1.14',
149 silly addNameRange     '1.1.15',
149 silly addNameRange     '1.1.16',
149 silly addNameRange     '1.1.17',
149 silly addNameRange     '1.1.18',
149 silly addNameRange     '1.1.19',
149 silly addNameRange     '1.1.20',
149 silly addNameRange     '1.1.21',
149 silly addNameRange     '1.1.22',
149 silly addNameRange     '1.1.23',
149 silly addNameRange     '1.1.24',
149 silly addNameRange     '1.1.25',
149 silly addNameRange     '1.2.0',
149 silly addNameRange     '1.3.0',
149 silly addNameRange     '1.3.1',
149 silly addNameRange     '1.3.2',
149 silly addNameRange     '1.3.3',
149 silly addNameRange     '1.3.4',
149 silly addNameRange     '1.3.5',
149 silly addNameRange     '1.3.6',
149 silly addNameRange     '1.3.7',
149 silly addNameRange     '1.4.0',
149 silly addNameRange     '1.5.0',
149 silly addNameRange     '1.6.0',
149 silly addNameRange     '1.7.2',
149 silly addNameRange     '1.7.3',
149 silly addNameRange     '1.7.4',
149 silly addNameRange     '1.8.0',
149 silly addNameRange     '1.8.1',
149 silly addNameRange     '1.8.2',
149 silly addNameRange     '1.8.3',
149 silly addNameRange     '1.8.4',
149 silly addNameRange     '2.0.0',
149 silly addNameRange     '2.0.1',
149 silly addNameRange     '2.0.2',
149 silly addNameRange     '2.0.3',
149 silly addNameRange     '2.0.4',
149 silly addNameRange     '2.1.0',
149 silly addNameRange     '2.1.1',
149 silly addNameRange     '2.1.2',
149 silly addNameRange     '2.1.3',
149 silly addNameRange     '2.1.4',
149 silly addNameRange     '2.2.0',
149 silly addNameRange     '2.2.1',
149 silly addNameRange     '2.2.2',
149 silly addNameRange     '2.2.3',
149 silly addNameRange     '2.2.4',
149 silly addNameRange     '2.3.0',
149 silly addNameRange     '2.3.1',
149 silly addNameRange     '2.3.2',
149 silly addNameRange     '2.3.3',
149 silly addNameRange     '2.3.4',
149 silly addNameRange     '2.3.5',
149 silly addNameRange     '2.3.6',
149 silly addNameRange     '2.3.7',
149 silly addNameRange     '2.3.8',
149 silly addNameRange     '2.3.9',
149 silly addNameRange     '2.3.10',
149 silly addNameRange     '2.3.11',
149 silly addNameRange     '2.3.12',
149 silly addNameRange     '2.3.13',
149 silly addNameRange     '2.4.0',
149 silly addNameRange     '2.4.1',
149 silly addNameRange     '2.4.2',
149 silly addNameRange     '2.4.3',
149 silly addNameRange     '2.4.4',
149 silly addNameRange     '2.4.5',
149 silly addNameRange     '2.4.6',
149 silly addNameRange     '2.4.7',
149 silly addNameRange     '2.4.8',
149 silly addNameRange     '2.4.9',
149 silly addNameRange     '2.4.10',
149 silly addNameRange     '2.5.0',
149 silly addNameRange     '2.5.1',
149 silly addNameRange     '2.5.2',
149 silly addNameRange     '2.5.3',
149 silly addNameRange     '2.5.4',
149 silly addNameRange     '2.5.5',
149 silly addNameRange     '2.5.6',
149 silly addNameRange     '2.5.7',
149 silly addNameRange     '2.5.8',
149 silly addNameRange     '2.5.9',
149 silly addNameRange     '2.5.10',
149 silly addNameRange     '2.5.11',
149 silly addNameRange     '2.5.12',
149 silly addNameRange     '2.5.13',
149 silly addNameRange     '2.5.14',
149 silly addNameRange     '2.6.0',
149 silly addNameRange     '2.6.1',
149 silly addNameRange     '2.6.2',
149 silly addNameRange     '2.6.3',
149 silly addNameRange     '2.6.4',
149 silly addNameRange     '2.6.5',
149 silly addNameRange     '2.6.6',
149 silly addNameRange     '2.6.7',
149 silly addNameRange     '2.6.8',
149 silly addNameRange     '2.7.0',
149 silly addNameRange     '2.7.1',
149 silly addNameRange     '2.7.2',
149 silly addNameRange     '2.7.4',
149 silly addNameRange     '2.7.3',
149 silly addNameRange     '3.0.0',
149 silly addNameRange     '3.0.1',
149 silly addNameRange     '3.0.2',
149 silly addNameRange     '2.8.0',
149 silly addNameRange     '3.0.3',
149 silly addNameRange     '3.1.0',
149 silly addNameRange     '2.8.1',
149 silly addNameRange     '3.1.1',
149 silly addNameRange     '2.8.2',
149 silly addNameRange     '2.8.3',
149 silly addNameRange     '2.9.0',
149 silly addNameRange     '3.2.0',
149 silly addNameRange     '2.9.1',
149 silly addNameRange     '3.2.1',
149 silly addNameRange     '2.9.2',
149 silly addNameRange     '3.2.2',
149 silly addNameRange     '3.3.0',
149 silly addNameRange     '3.3.1',
149 silly addNameRange     '2.9.3',
149 silly addNameRange     '3.4.0',
149 silly addNameRange     '2.9.4',
149 silly addNameRange     '2.9.5',
149 silly addNameRange     '3.5.0',
149 silly addNameRange     '3.5.1',
149 silly addNameRange     '3.5.2',
149 silly addNameRange     '3.5.3',
149 silly addNameRange     '2.9.6',
149 silly addNameRange     '2.9.7',
149 silly addNameRange     '3.5.4',
149 silly addNameRange     '3.5.5',
149 silly addNameRange     '2.9.8',
149 silly addNameRange     '2.9.9',
149 silly addNameRange     '3.5.6',
149 silly addNameRange     '3.5.7',
149 silly addNameRange     '3.5.8',
149 silly addNameRange     '2.9.10',
149 silly addNameRange     '3.5.9',
149 silly addNameRange     '3.6.2',
149 silly addNameRange     '3.5.10',
149 silly addNameRange     '3.6.3',
149 silly addNameRange     '3.5.11',
149 silly addNameRange     '3.6.4',
149 silly addNameRange     '3.6.5',
149 silly addNameRange     '3.6.6',
149 silly addNameRange     '3.6.7',
149 silly addNameRange     '3.5.12',
149 silly addNameRange     '3.6.8',
149 silly addNameRange     '3.6.9',
149 silly addNameRange     '3.6.10',
149 silly addNameRange     '3.5.13',
149 silly addNameRange     '3.5.14',
149 silly addNameRange     '3.6.11',
149 silly addNameRange     '3.6.12',
149 silly addNameRange     '3.6.13',
149 silly addNameRange     '3.6.14',
149 silly addNameRange     '3.6.15',
149 silly addNameRange     '3.5.15',
149 silly addNameRange     '3.7.0',
149 silly addNameRange     '3.6.16',
149 silly addNameRange     '3.5.16',
149 silly addNameRange     '3.6.17',
149 silly addNameRange     '3.7.2',
149 silly addNameRange     '3.0.0-alpha1',
149 silly addNameRange     '3.0.0-alpha2',
149 silly addNameRange     '3.0.0-rc0',
149 silly addNameRange     '3.6.0-rc0',
149 silly addNameRange     '3.6.0-rc1',
149 silly addNameRange     '3.6.18',
149 silly addNameRange     '3.7.3',
149 silly addNameRange     '3.6.19',
149 silly addNameRange     '3.6.20',
149 silly addNameRange     '3.7.4',
149 silly addNameRange     '3.8.0',
149 silly addNameRange     '3.8.1',
149 silly addNameRange     '3.8.2',
149 silly addNameRange     '3.8.3',
149 silly addNameRange     '3.8.4',
149 silly addNameRange     '3.8.5',
149 silly addNameRange     '3.8.6',
149 silly addNameRange     '3.8.7',
149 silly addNameRange     '3.8.8',
149 silly addNameRange     '3.8.9',
149 silly addNameRange     '3.8.10',
149 silly addNameRange     '3.8.11',
149 silly addNameRange     '3.9.0',
149 silly addNameRange     '3.8.12',
149 silly addNameRange     '3.8.13',
149 silly addNameRange     '3.8.14',
149 silly addNameRange     '3.8.15',
149 silly addNameRange     '3.9.1',
149 silly addNameRange     '3.8.16',
149 silly addNameRange     '3.9.2',
149 silly addNameRange     '3.8.17',
149 silly addNameRange     '3.9.3',
149 silly addNameRange     '3.8.18',
149 silly addNameRange     '3.9.4',
149 silly addNameRange     '3.8.19',
149 silly addNameRange     '3.9.5',
149 silly addNameRange     '3.8.20',
149 silly addNameRange     '3.9.6',
149 silly addNameRange     '3.8.21',
149 silly addNameRange     '3.9.7',
149 silly addNameRange     '3.8.22',
149 silly addNameRange     '4.0.0-rc0',
149 silly addNameRange     '4.0.0-rc1',
149 silly addNameRange     '3.8.23' ] ]
150 verbose addNamed [ 'mongoose', '3.6.20' ]
151 verbose addNamed [ '3.6.20', '3.6.20' ]
152 silly lockFile 9e27220e-mongoose-3-6-20 mongoose@3.6.20
153 verbose lock mongoose@3.6.20 /Users/AlexWines/.npm/9e27220e-mongoose-3-6-20.lock
154 silly lockFile 8045d0d6-org-mongoose-mongoose-3-6-20-tgz https://registry.npmjs.org/mongoose/-/mongoose-3.6.20.tgz
155 verbose lock https://registry.npmjs.org/mongoose/-/mongoose-3.6.20.tgz /Users/AlexWines/.npm/8045d0d6-org-mongoose-mongoose-3-6-20-tgz.lock
156 http 304 https://registry.npmjs.org/morgan
157 silly registry.get cb [ 304,
157 silly registry.get   { date: 'Sat, 07 Feb 2015 20:19:44 GMT',
157 silly registry.get     server: 'Apache',
157 silly registry.get     via: '1.1 varnish',
157 silly registry.get     'last-modified': 'Sat, 07 Feb 2015 20:19:45 GMT',
157 silly registry.get     'cache-control': 'max-age=60',
157 silly registry.get     etag: '"1K9YEBUETVSA9LO1JSULWY06A"',
157 silly registry.get     age: '0',
157 silly registry.get     'x-served-by': 'cache-sjc3133-SJC',
157 silly registry.get     'x-cache': 'HIT',
157 silly registry.get     'x-cache-hits': '1',
157 silly registry.get     'x-timer': 'S1423340384.694430,VS0,VE356',
157 silly registry.get     vary: 'Accept',
157 silly registry.get     'content-length': '0',
157 silly registry.get     'keep-alive': 'timeout=10, max=50',
157 silly registry.get     connection: 'Keep-Alive' } ]
158 verbose etag https://registry.npmjs.org/morgan from cache
159 verbose addRemoteTarball [ 'https://registry.npmjs.org/mongoose/-/mongoose-3.6.20.tgz',
159 verbose addRemoteTarball   '47263843e6b812ea207eec104c40a36c8d215f53' ]
160 silly addNameRange number 2 { name: 'morgan', range: '>=1.2.2-0 <1.3.0-0', hasData: true }
161 silly addNameRange versions [ 'morgan',
161 silly addNameRange   [ '1.0.0',
161 silly addNameRange     '1.0.1',
161 silly addNameRange     '1.1.0',
161 silly addNameRange     '1.1.1',
161 silly addNameRange     '1.2.0',
161 silly addNameRange     '1.2.1',
161 silly addNameRange     '1.2.2',
161 silly addNameRange     '1.2.3',
161 silly addNameRange     '1.3.0',
161 silly addNameRange     '1.3.1',
161 silly addNameRange     '1.3.2',
161 silly addNameRange     '1.4.0',
161 silly addNameRange     '1.4.1',
161 silly addNameRange     '1.5.0',
161 silly addNameRange     '1.5.1' ] ]
162 verbose addNamed [ 'morgan', '1.2.3' ]
163 verbose addNamed [ '1.2.3', '1.2.3' ]
164 silly lockFile 26ac1655-morgan-1-2-3 morgan@1.2.3
165 verbose lock morgan@1.2.3 /Users/AlexWines/.npm/26ac1655-morgan-1-2-3.lock
166 info retry fetch attempt 1 at 12:19:45
167 verbose fetch to= /var/folders/7y/gjqtskk11x133yz1gjr5rt980000gn/T/npm-64830-N8hrTKC-/registry.npmjs.org/mongoose/-/mongoose-3.6.20.tgz
168 http GET https://registry.npmjs.org/mongoose/-/mongoose-3.6.20.tgz
169 silly lockFile 26ac1655-morgan-1-2-3 morgan@1.2.3
170 silly lockFile 26ac1655-morgan-1-2-3 morgan@1.2.3
171 silly lockFile 8a9f8c6a-morgan-1-2-2 morgan@~1.2.2
172 silly lockFile 8a9f8c6a-morgan-1-2-2 morgan@~1.2.2
173 http 200 https://registry.npmjs.org/mongoose/-/mongoose-3.6.20.tgz
174 silly lockFile 8045d0d6-org-mongoose-mongoose-3-6-20-tgz https://registry.npmjs.org/mongoose/-/mongoose-3.6.20.tgz
175 silly lockFile 8045d0d6-org-mongoose-mongoose-3-6-20-tgz https://registry.npmjs.org/mongoose/-/mongoose-3.6.20.tgz
176 silly lockFile 9e27220e-mongoose-3-6-20 mongoose@3.6.20
177 silly lockFile 9e27220e-mongoose-3-6-20 mongoose@3.6.20
178 silly lockFile 96ad86c1-mongoose-3-6-2 mongoose@~3.6.2
179 silly lockFile 96ad86c1-mongoose-3-6-2 mongoose@~3.6.2
180 error Error: EACCES, mkdir '/Users/AlexWines/.npm/mongoose/3.6.20'
180 error  { [Error: EACCES, mkdir '/Users/AlexWines/.npm/mongoose/3.6.20']
180 error   errno: 3,
180 error   code: 'EACCES',
180 error   path: '/Users/AlexWines/.npm/mongoose/3.6.20',
180 error   parent: 'node-todo' }
181 error Please try running this command again as root/Administrator.
182 error System Darwin 14.0.0
183 error command "node" "/usr/local/bin/npm" "install"
184 error cwd /Users/AlexWines/wdi/projects/MEAN-todo
185 error node -v v0.10.33
186 error npm -v 1.4.28
187 error path /Users/AlexWines/.npm/mongoose/3.6.20
188 error code EACCES
189 error errno 3
190 error stack Error: EACCES, mkdir '/Users/AlexWines/.npm/mongoose/3.6.20'
191 verbose exit [ 3, true ]
